<?xml version="1.0" encoding="UTF-8"?>
<testng-results ignored="0" total="1" passed="1" failed="0" skipped="0">
  <reporter-output>
  </reporter-output>
  <suite started-at="2025-07-01T19:44:25 IST" name="Default suite" finished-at="2025-07-01T19:44:27 IST" duration-ms="2030">
    <groups>
    </groups>
    <test started-at="2025-07-01T19:44:25 IST" name="Default test" finished-at="2025-07-01T19:44:27 IST" duration-ms="2030">
      <class name="demo2.LaunchingDemo2Test">
        <test-method signature="launch()[pri:0, instance:demo2.LaunchingDemo2Test@2a4fb17b]" started-at="2025-07-01T19:44:25 IST" name="launch" finished-at="2025-07-01T19:44:27 IST" duration-ms="1986" status="PASS">
          <reporter-output>
          </reporter-output>
        </test-method> <!-- launch -->
      </class> <!-- demo2.LaunchingDemo2Test -->
    </test> <!-- Default test -->
  </suite> <!-- Default suite -->
</testng-results>
